c:\users\nikic\desktop\cpp test\debug\courseworkbase2020.bsc
c:\users\nikic\desktop\cpp test\debug\vc141.pdb
c:\users\nikic\desktop\cpp test\debug\draggingdemo.sbr
c:\users\nikic\desktop\cpp test\debug\drawingsurface.sbr
c:\users\nikic\desktop\cpp test\debug\flashingdemo.sbr
c:\users\nikic\desktop\cpp test\debug\imageobjectdemo.sbr
c:\users\nikic\desktop\cpp test\debug\jigsawdemo.sbr
c:\users\nikic\desktop\cpp test\debug\mainfunction.sbr
c:\users\nikic\desktop\cpp test\debug\baseengine.sbr
c:\users\nikic\desktop\cpp test\debug\displayableobject.sbr
c:\users\nikic\desktop\cpp test\debug\fontmanager.sbr
c:\users\nikic\desktop\cpp test\debug\imagemappingdemo.sbr
c:\users\nikic\desktop\cpp test\debug\psydn1barobject.sbr
c:\users\nikic\desktop\cpp test\debug\psydn1engine.sbr
c:\users\nikic\desktop\cpp test\debug\psydn1tilemanager.sbr
c:\users\nikic\desktop\cpp test\debug\simpleimage.sbr
c:\users\nikic\desktop\cpp test\debug\jasonsdemoa.sbr
c:\users\nikic\desktop\cpp test\debug\jasonsobjecta.sbr
c:\users\nikic\desktop\cpp test\debug\jasonstilemanager.sbr
c:\users\nikic\desktop\cpp test\debug\playingcardsdemo.sbr
c:\users\nikic\desktop\cpp test\debug\rawimage.sbr
c:\users\nikic\desktop\cpp test\debug\simpledemo.sbr
c:\users\nikic\desktop\cpp test\debug\simpledemo.obj
c:\users\nikic\desktop\cpp test\debug\rawimage.obj
c:\users\nikic\desktop\cpp test\debug\playingcardsdemo.obj
c:\users\nikic\desktop\cpp test\debug\jasonstilemanager.obj
c:\users\nikic\desktop\cpp test\debug\jasonsobjecta.obj
c:\users\nikic\desktop\cpp test\debug\jasonsdemoa.obj
c:\users\nikic\desktop\cpp test\debug\simpleimage.obj
c:\users\nikic\desktop\cpp test\debug\psydn1tilemanager.obj
c:\users\nikic\desktop\cpp test\debug\psydn1engine.obj
c:\users\nikic\desktop\cpp test\debug\psydn1barobject.obj
c:\users\nikic\desktop\cpp test\debug\imagemappingdemo.obj
c:\users\nikic\desktop\cpp test\debug\fontmanager.obj
c:\users\nikic\desktop\cpp test\debug\displayableobject.obj
c:\users\nikic\desktop\cpp test\debug\baseengine.obj
c:\users\nikic\desktop\cpp test\debug\mainfunction.obj
c:\users\nikic\desktop\cpp test\debug\jigsawdemo.obj
c:\users\nikic\desktop\cpp test\debug\imageobjectdemo.obj
c:\users\nikic\desktop\cpp test\debug\flashingdemo.obj
c:\users\nikic\desktop\cpp test\debug\drawingsurface.obj
c:\users\nikic\desktop\cpp test\debug\draggingdemo.obj
c:\users\nikic\desktop\cpp test\debug\starfielddemo.sbr
c:\users\nikic\desktop\cpp test\debug\tilemanager.sbr
c:\users\nikic\desktop\cpp test\debug\bouncingball.sbr
c:\users\nikic\desktop\cpp test\debug\bouncingballmain.sbr
c:\users\nikic\desktop\cpp test\debug\zoomingdemo.sbr
c:\users\nikic\desktop\cpp test\debug\zoomingdemo.obj
c:\users\nikic\desktop\cpp test\debug\bouncingballmain.obj
c:\users\nikic\desktop\cpp test\debug\bouncingball.obj
c:\users\nikic\desktop\cpp test\debug\tilemanager.obj
c:\users\nikic\desktop\cpp test\debug\starfielddemo.obj
c:\users\nikic\desktop\cpp test\debug\mazedemomain.sbr
c:\users\nikic\desktop\cpp test\debug\mazedemoobject.sbr
c:\users\nikic\desktop\cpp test\debug\mazedemotilemanager.sbr
c:\users\nikic\desktop\cpp test\debug\mazedemotilemanager.obj
c:\users\nikic\desktop\cpp test\debug\mazedemoobject.obj
c:\users\nikic\desktop\cpp test\debug\mazedemomain.obj
c:\users\nikic\desktop\cpp test\debug\courseworkbase2020.exe
c:\users\nikic\desktop\cpp test\debug\courseworkbase2020.ilk
c:\users\nikic\desktop\cpp test\src\map
c:\users\nikic\desktop\cpp test\debug\courseworkbase2020.pdb
c:\users\nikic\desktop\cpp test\/debug\courseworkbase2020.pdb
c:\users\nikic\desktop\cpp test\/debug\courseworkbase2020.exe
c:\users\nikic\desktop\cpp test\/debug\courseworkbase2020.bsc
c:\users\nikic\desktop\cpp test\/debug\courseworkbase2020.ilk
c:\users\nikic\desktop\cpp test\debug\coursewo.63f64093.tlog\bscmake.command.1.tlog
c:\users\nikic\desktop\cpp test\debug\coursewo.63f64093.tlog\bscmake.read.1.tlog
c:\users\nikic\desktop\cpp test\debug\coursewo.63f64093.tlog\bscmake.write.1.tlog
c:\users\nikic\desktop\cpp test\debug\coursewo.63f64093.tlog\cl.command.1.tlog
c:\users\nikic\desktop\cpp test\debug\coursewo.63f64093.tlog\cl.read.1.tlog
c:\users\nikic\desktop\cpp test\debug\coursewo.63f64093.tlog\cl.write.1.tlog
c:\users\nikic\desktop\cpp test\debug\coursewo.63f64093.tlog\link.command.1.tlog
c:\users\nikic\desktop\cpp test\debug\coursewo.63f64093.tlog\link.read.1.tlog
c:\users\nikic\desktop\cpp test\debug\coursewo.63f64093.tlog\link.write.1.tlog
